[debug] [2023-07-13T22:20:53.993Z] ----------------------------------------------------------------------
[debug] [2023-07-13T22:20:53.994Z] Command:       /Users/fulongzhou/.nvm/versions/node/v18.16.0/bin/node /Users/fulongzhou/.nvm/versions/node/v18.16.0/bin/firebase init
[debug] [2023-07-13T22:20:53.994Z] CLI Version:   12.4.4
[debug] [2023-07-13T22:20:53.994Z] Platform:      darwin
[debug] [2023-07-13T22:20:53.994Z] Node Version:  v18.16.0
[debug] [2023-07-13T22:20:53.995Z] Time:          Thu Jul 13 2023 18:20:53 GMT-0400 (Eastern Daylight Time)
[debug] [2023-07-13T22:20:53.995Z] ----------------------------------------------------------------------
[debug] 
[debug] [2023-07-13T22:20:53.998Z] > command requires scopes: ["email","openid","https://www.googleapis.com/auth/cloudplatformprojects.readonly","https://www.googleapis.com/auth/firebase","https://www.googleapis.com/auth/cloud-platform"]
[debug] [2023-07-13T22:20:53.998Z] > authorizing via signed-in user (zhoufulong89@gmail.com)
[info] 
     ######## #### ########  ######## ########     ###     ######  ########
     ##        ##  ##     ## ##       ##     ##  ##   ##  ##       ##
     ######    ##  ########  ######   ########  #########  ######  ######
     ##        ##  ##    ##  ##       ##     ## ##     ##       ## ##
     ##       #### ##     ## ######## ########  ##     ##  ######  ########

You're about to initialize a Firebase project in this directory:

  /Users/fulongzhou/Intro-To-Git/senior-phase/API-firebase/firebase-app

[info] 
=== Project Setup
[info] 
[info] First, let's associate this project directory with a Firebase project.
[info] You can create multiple project aliases by running firebase use --add, 
[info] but for now we'll just set up a default project.
[info] 
[debug] [2023-07-13T22:21:36.192Z] > refreshing access token with scopes: []
[debug] [2023-07-13T22:21:36.194Z] >>> [apiv2][query] POST https://www.googleapis.com/oauth2/v3/token [none]
[debug] [2023-07-13T22:21:36.194Z] >>> [apiv2][body] POST https://www.googleapis.com/oauth2/v3/token [omitted]
[debug] [2023-07-13T22:21:36.500Z] <<< [apiv2][status] POST https://www.googleapis.com/oauth2/v3/token 200
[debug] [2023-07-13T22:21:36.501Z] <<< [apiv2][body] POST https://www.googleapis.com/oauth2/v3/token [omitted]
[debug] [2023-07-13T22:21:36.514Z] >>> [apiv2][query] GET https://firebase.googleapis.com/v1beta1/projects pageSize=100
[debug] [2023-07-13T22:21:37.172Z] <<< [apiv2][status] GET https://firebase.googleapis.com/v1beta1/projects 200
[debug] [2023-07-13T22:21:37.172Z] <<< [apiv2][body] GET https://firebase.googleapis.com/v1beta1/projects [omitted]
[info] i  Using project auth-test-1afda (Auth-test) 
[info] 
=== Hosting Setup
[info] 
[info] Your public directory is the folder (relative to your project directory) that
[info] will contain Hosting assets to be uploaded with firebase deploy. If you
[info] have a build process for your assets, use your build's output directory.
[info] 
[info] ✔  Wrote public/404.html 
[debug] [2023-07-13T22:24:11.068Z] >>> [apiv2][query] GET https://www.gstatic.com/firebasejs/releases.json [none]
[debug] [2023-07-13T22:24:11.243Z] <<< [apiv2][status] GET https://www.gstatic.com/firebasejs/releases.json 200
[debug] [2023-07-13T22:24:11.243Z] <<< [apiv2][body] GET https://www.gstatic.com/firebasejs/releases.json {"current":{"version":"10.0.0","browserURL":"https://www.gstatic.com/firebasejs/10.0.0/firebase.js","packageURL":"https://www.gstatic.com/firebasejs/10.0.0/firebase.tgz"},"live":{"version":"10.0","browserURL":"https://www.gstatic.com/firebasejs/live/10.0/firebase.js","packageURL":"https://www.gstatic.com/firebasejs/live/10.0/firebase.tgz"},"components":{"analytics":"https://www.gstatic.com/firebasejs/10.0.0/firebase-analytics.js","app":"https://www.gstatic.com/firebasejs/10.0.0/firebase-app.js","app-check":"https://www.gstatic.com/firebasejs/10.0.0/firebase-app-check.js","auth":"https://www.gstatic.com/firebasejs/10.0.0/firebase-auth.js","auth/cordova":"https://www.gstatic.com/firebasejs/10.0.0/firebase-auth/cordova.js","functions":"https://www.gstatic.com/firebasejs/10.0.0/firebase-functions.js","firestore":"https://www.gstatic.com/firebasejs/10.0.0/firebase-firestore.js","firestore/lite":"https://www.gstatic.com/firebasejs/10.0.0/firebase-firestore/lite.js","installations":"https://www.gstatic.com/firebasejs/10.0.0/firebase-installations.js","storage":"https://www.gstatic.com/firebasejs/10.0.0/firebase-storage.js","performance":"https://www.gstatic.com/firebasejs/10.0.0/firebase-performance.js","remote-config":"https://www.gstatic.com/firebasejs/10.0.0/firebase-remote-config.js","messaging":"https://www.gstatic.com/firebasejs/10.0.0/firebase-messaging.js","messaging/sw":"https://www.gstatic.com/firebasejs/10.0.0/firebase-messaging/sw.js","database":"https://www.gstatic.com/firebasejs/10.0.0/firebase-database.js","firestore.memory":"https://www.gstatic.com/firebasejs/10.0.0/firebase-firestore.memory.js"}}
[info] i  Skipping write of public/index.html 
[info] 
[info] i  Detected a .git folder at /Users/fulongzhou/Intro-To-Git 
[info] i  Authorizing with GitHub to upload your service account to a GitHub repository's secrets store. 
[info] 
[info] Visit this URL on this device to log in:
[info] https://github.com/login/oauth/authorize?client_id=89cf50f02ac6aaed3484&state=817171256&redirect_uri=http%3A%2F%2Flocalhost%3A9005&scope=read%3Auser%20repo%20public_repo
[info] 
[info] Waiting for authentication...
[debug] [2023-07-13T22:25:08.078Z] >>> [apiv2][query] POST https://github.com/login/oauth/access_token [none]
[debug] [2023-07-13T22:25:08.078Z] >>> [apiv2][body] POST https://github.com/login/oauth/access_token [stream]
[debug] [2023-07-13T22:25:08.476Z] <<< [apiv2][status] POST https://github.com/login/oauth/access_token 200
[debug] [2023-07-13T22:25:08.476Z] <<< [apiv2][body] POST https://github.com/login/oauth/access_token {"access_token":"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","token_type":"bearer","scope":"read:user,repo"}
[debug] [2023-07-13T22:25:08.487Z] >>> [apiv2][query] GET https://api.github.com/user [none]
[debug] [2023-07-13T22:25:09.299Z] <<< [apiv2][status] GET https://api.github.com/user 200
[debug] [2023-07-13T22:25:09.300Z] <<< [apiv2][body] GET https://api.github.com/user {"login":"Fulongzhou","id":127069174,"node_id":"U_kgDOB5Lr9g","avatar_url":"https://avatars.githubusercontent.com/u/127069174?v=4","gravatar_id":"","url":"https://api.github.com/users/Fulongzhou","html_url":"https://github.com/Fulongzhou","followers_url":"https://api.github.com/users/Fulongzhou/followers","following_url":"https://api.github.com/users/Fulongzhou/following{/other_user}","gists_url":"https://api.github.com/users/Fulongzhou/gists{/gist_id}","starred_url":"https://api.github.com/users/Fulongzhou/starred{/owner}{/repo}","subscriptions_url":"https://api.github.com/users/Fulongzhou/subscriptions","organizations_url":"https://api.github.com/users/Fulongzhou/orgs","repos_url":"https://api.github.com/users/Fulongzhou/repos","events_url":"https://api.github.com/users/Fulongzhou/events{/privacy}","received_events_url":"https://api.github.com/users/Fulongzhou/received_events","type":"User","site_admin":false,"name":"FULONG ZHOU","company":null,"blog":"","location":null,"email":null,"hireable":null,"bio":null,"twitter_username":null,"public_repos":3,"public_gists":0,"followers":0,"following":1,"created_at":"2023-03-06T02:44:03Z","updated_at":"2023-07-06T20:55:52Z","private_gists":0,"total_private_repos":44,"owned_private_repos":0,"disk_usage":0,"collaborators":0,"two_factor_authentication":false,"plan":{"name":"pro","space":976562499,"collaborators":0,"private_repos":9999}}
[info] 
[info] ✔  Success! Logged into GitHub as Fulongzhou 
[info] 
